This is pdfTeX, Version 3.141592653-2.6-1.40.25 (TeX Live 2023/Fedora 40) (preloaded format=pdflatex 2024.11.19)  24 NOV 2024 18:04
entering extended mode
 restricted \write18 enabled.
 file:line:error style messages enabled.
 %&-line parsing enabled.
**/home/mayank/Documents/Java-Practical/latex/main.tex
(/home/mayank/Documents/Java-Practical/latex/main.tex
LaTeX2e <2022-11-01> patch level 1
L3 programming layer <2023-02-22> (/usr/share/texlive/texmf-dist/tex/latex/base/article.cls
Document Class: article 2022/07/02 v1.4n Standard LaTeX document class
(/usr/share/texlive/texmf-dist/tex/latex/base/size12.clo
File: size12.clo 2022/07/02 v1.4n Standard LaTeX file (size option)
)
\c@part=\count185
\c@section=\count186
\c@subsection=\count187
\c@subsubsection=\count188
\c@paragraph=\count189
\c@subparagraph=\count190
\c@figure=\count191
\c@table=\count192
\abovecaptionskip=\skip48
\belowcaptionskip=\skip49
\bibindent=\dimen140
) (/usr/share/texlive/texmf-dist/tex/latex/graphics/graphicx.sty
Package: graphicx 2021/09/16 v1.2d Enhanced LaTeX Graphics (DPC,SPQR)
 (/usr/share/texlive/texmf-dist/tex/latex/graphics/keyval.sty
Package: keyval 2022/05/29 v1.15 key=value parser (DPC)
\KV@toks@=\toks16
) (/usr/share/texlive/texmf-dist/tex/latex/graphics/graphics.sty
Package: graphics 2022/03/10 v1.4e Standard LaTeX Graphics (DPC,SPQR)
 (/usr/share/texlive/texmf-dist/tex/latex/graphics/trig.sty
Package: trig 2021/08/11 v1.11 sin cos tan (DPC)
) (/usr/share/texlive/texmf-dist/tex/latex/graphics-cfg/graphics.cfg
File: graphics.cfg 2016/06/04 v1.11 sample graphics configuration
)
Package graphics Info: Driver file: pdftex.def on input line 107.
 (/usr/share/texlive/texmf-dist/tex/latex/graphics-def/pdftex.def
File: pdftex.def 2022/09/22 v1.2b Graphics/color driver for pdftex
))
\Gin@req@height=\dimen141
\Gin@req@width=\dimen142
) (/usr/share/texlive/texmf-dist/tex/latex/float/float.sty
Package: float 2001/11/08 v1.3d Float enhancements (AL)
\c@float@type=\count193
\float@exts=\toks17
\float@box=\box51
\@float@everytoks=\toks18
\@floatcapt=\box52
) (/usr/share/texlive/texmf-dist/tex/latex/listings/listings.sty
\lst@mode=\count194
\lst@gtempboxa=\box53
\lst@token=\toks19
\lst@length=\count195
\lst@currlwidth=\dimen143
\lst@column=\count196
\lst@pos=\count197
\lst@lostspace=\dimen144
\lst@width=\dimen145
\lst@newlines=\count198
\lst@lineno=\count199
\lst@maxwidth=\dimen146
 (/usr/share/texlive/texmf-dist/tex/latex/listings/lstmisc.sty
File: lstmisc.sty 2023/02/27 1.9 (Carsten Heinz)
\c@lstnumber=\count266
\lst@skipnumbers=\count267
\lst@framebox=\box54
) (/usr/share/texlive/texmf-dist/tex/latex/listings/listings.cfg
File: listings.cfg 2023/02/27 1.9 listings configuration
))
Package: listings 2023/02/27 1.9 (Carsten Heinz)
 (/usr/share/texlive/texmf-dist/tex/latex/graphics/color.sty
Package: color 2022/01/06 v1.3d Standard LaTeX Color (DPC)
 (/usr/share/texlive/texmf-dist/tex/latex/graphics-cfg/color.cfg
File: color.cfg 2016/01/02 v1.6 sample color configuration
)
Package color Info: Driver file: pdftex.def on input line 149.
 (/usr/share/texlive/texmf-dist/tex/latex/graphics/mathcolor.ltx)) (/usr/share/texlive/texmf-dist/tex/latex/psnfss/courier.sty
Package: courier 2020/03/25 PSNFSS-v9.3 (WaS) 
) (/usr/share/texlive/texmf-dist/tex/latex/geometry/geometry.sty
Package: geometry 2020/01/02 v5.9 Page Geometry
 (/usr/share/texlive/texmf-dist/tex/generic/iftex/ifvtex.sty
Package: ifvtex 2019/10/25 v1.7 ifvtex legacy package. Use iftex instead.
 (/usr/share/texlive/texmf-dist/tex/generic/iftex/iftex.sty
Package: iftex 2022/02/03 v1.0f TeX engine tests
))
\Gm@cnth=\count268
\Gm@cntv=\count269
\c@Gm@tempcnt=\count270
\Gm@bindingoffset=\dimen147
\Gm@wd@mp=\dimen148
\Gm@odd@mp=\dimen149
\Gm@even@mp=\dimen150
\Gm@layoutwidth=\dimen151
\Gm@layoutheight=\dimen152
\Gm@layouthoffset=\dimen153
\Gm@layoutvoffset=\dimen154
\Gm@dimlist=\toks20
) (/usr/share/texlive/texmf-dist/tex/latex/enumitem/enumitem.sty
Package: enumitem 2019/06/20 v3.9 Customized lists
\labelindent=\skip50
\enit@outerparindent=\dimen155
\enit@toks=\toks21
\enit@inbox=\box55
\enit@count@id=\count271
\enitdp@description=\count272
) (/usr/share/texlive/texmf-dist/tex/latex/titlesec/titlesec.sty
Package: titlesec 2021/07/05 v2.14 Sectioning titles
\ttl@box=\box56
\beforetitleunit=\skip51
\aftertitleunit=\skip52
\ttl@plus=\dimen156
\ttl@minus=\dimen157
\ttl@toksa=\toks22
\titlewidth=\dimen158
\titlewidthlast=\dimen159
\titlewidthfirst=\dimen160
) (/usr/share/texlive/texmf-dist/tex/latex/listings/lstlang1.sty
File: lstlang1.sty 2023/02/27 1.9 listings language file
)
\c@practicalno=\count273
 (/usr/share/texlive/texmf-dist/tex/latex/l3backend/l3backend-pdftex.def
File: l3backend-pdftex.def 2023-01-16 L3 backend support: PDF output (pdfTeX)
\l__color_backend_stack_int=\count274
\l__pdf_internal_box=\box57
) (./main.aux

LaTeX Warning: Label `fig:sample_image' multiply defined.


LaTeX Warning: Label `fig:sample_image' multiply defined.


LaTeX Warning: Label `fig:sample_image' multiply defined.


LaTeX Warning: Label `fig:sample_image' multiply defined.


LaTeX Warning: Label `fig:sample_image' multiply defined.


LaTeX Warning: Label `fig:sample_image' multiply defined.


LaTeX Warning: Label `fig:sample_image' multiply defined.


LaTeX Warning: Label `fig:sample_image' multiply defined.


LaTeX Warning: Label `fig:sample_image' multiply defined.


LaTeX Warning: Label `fig:sample_image' multiply defined.


LaTeX Warning: Label `fig:sample_image' multiply defined.


LaTeX Warning: Label `fig:sample_image' multiply defined.


LaTeX Warning: Label `fig:sample_image' multiply defined.


LaTeX Warning: Label `fig:sample_image' multiply defined.


LaTeX Warning: Label `fig:sample_image' multiply defined.


LaTeX Warning: Label `fig:sample_image' multiply defined.


LaTeX Warning: Label `fig:sample_image' multiply defined.


LaTeX Warning: Label `fig:sample_image' multiply defined.


LaTeX Warning: Label `fig:sample_image' multiply defined.


LaTeX Warning: Label `fig:sample_image' multiply defined.


LaTeX Warning: Label `fig:sample_image' multiply defined.


LaTeX Warning: Label `fig:sample_image' multiply defined.


LaTeX Warning: Label `fig:sample_image' multiply defined.


LaTeX Warning: Label `fig:sample_image' multiply defined.


LaTeX Warning: Label `fig:sample_image' multiply defined.


LaTeX Warning: Label `fig:sample_image' multiply defined.


LaTeX Warning: Label `fig:sample_image' multiply defined.


LaTeX Warning: Label `fig:sample_image' multiply defined.


LaTeX Warning: Label `fig:sample_image' multiply defined.

)
\openout1 = `main.aux'.

LaTeX Font Info:    Checking defaults for OML/cmm/m/it on input line 57.
LaTeX Font Info:    ... okay on input line 57.
LaTeX Font Info:    Checking defaults for OMS/cmsy/m/n on input line 57.
LaTeX Font Info:    ... okay on input line 57.
LaTeX Font Info:    Checking defaults for OT1/cmr/m/n on input line 57.
LaTeX Font Info:    ... okay on input line 57.
LaTeX Font Info:    Checking defaults for T1/cmr/m/n on input line 57.
LaTeX Font Info:    ... okay on input line 57.
LaTeX Font Info:    Checking defaults for TS1/cmr/m/n on input line 57.
LaTeX Font Info:    ... okay on input line 57.
LaTeX Font Info:    Checking defaults for OMX/cmex/m/n on input line 57.
LaTeX Font Info:    ... okay on input line 57.
LaTeX Font Info:    Checking defaults for U/cmr/m/n on input line 57.
LaTeX Font Info:    ... okay on input line 57.
 (/usr/share/texlive/texmf-dist/tex/context/base/mkii/supp-pdf.mkii
[Loading MPS to PDF converter (version 2006.09.02).]
\scratchcounter=\count275
\scratchdimen=\dimen161
\scratchbox=\box58
\nofMPsegments=\count276
\nofMParguments=\count277
\everyMPshowfont=\toks23
\MPscratchCnt=\count278
\MPscratchDim=\dimen162
\MPnumerator=\count279
\makeMPintoPDFobject=\count280
\everyMPtoPDFconversion=\toks24
) (/usr/share/texlive/texmf-dist/tex/latex/epstopdf-pkg/epstopdf-base.sty
Package: epstopdf-base 2020-01-24 v2.11 Base part for package epstopdf
Package epstopdf-base Info: Redefining graphics rule for `.eps' on input line 485.
 (/usr/share/texlive/texmf-dist/tex/latex/latexconfig/epstopdf-sys.cfg
File: epstopdf-sys.cfg 2010/07/13 v1.3 Configuration of (r)epstopdf for TeX Live
))
\c@lstlisting=\count281

*geometry* driver: auto-detecting
*geometry* detected driver: pdftex
*geometry* verbose mode - [ preamble ] result:
* driver: pdftex
* paper: a4paper
* layout: <same size as paper>
* layoutoffset:(h,v)=(0.0pt,0.0pt)
* modes: 
* h-part:(L,W,R)=(72.26999pt, 452.9679pt, 72.26999pt)
* v-part:(T,H,B)=(72.26999pt, 700.50687pt, 72.26999pt)
* \paperwidth=597.50787pt
* \paperheight=845.04684pt
* \textwidth=452.9679pt
* \textheight=700.50687pt
* \oddsidemargin=0.0pt
* \evensidemargin=0.0pt
* \topmargin=-37.0pt
* \headheight=12.0pt
* \headsep=25.0pt
* \topskip=12.0pt
* \footskip=30.0pt
* \marginparwidth=35.0pt
* \marginparsep=10.0pt
* \columnsep=10.0pt
* \skip\footins=10.8pt plus 4.0pt minus 2.0pt
* \hoffset=0.0pt
* \voffset=0.0pt
* \mag=1000
* \@twocolumnfalse
* \@twosidefalse
* \@mparswitchfalse
* \@reversemarginfalse
* (1in=72.27pt=25.4mm, 1cm=28.453pt)

LaTeX Font Info:    Trying to load font information for OT1+pcr on input line 69.
(/usr/share/texlive/texmf-dist/tex/latex/psnfss/ot1pcr.fd
File: ot1pcr.fd 2001/06/04 font definitions for OT1/pcr.
) [1

{/var/lib/texmf/fonts/map/pdftex/updmap/pdftex.map}{/usr/share/texlive/texmf-dist/fonts/enc/dvips/base/8r.enc}{/usr/share/texlive/texmf-dist/fonts/enc/dvips/cm-super/cm-super-ts1.enc}] [2]
<images/DataOutput.png, id=15, 766.865pt x 190.7125pt>
File: images/DataOutput.png Graphic file (type png)
<use images/DataOutput.png>
Package pdftex.def Info: images/DataOutput.png  used on input line 142.
(pdftex.def)             Requested size: 407.66833pt x 101.38559pt.
LaTeX Font Info:    External font `cmex10' loaded for size
(Font)              <12> on input line 150.
LaTeX Font Info:    External font `cmex10' loaded for size
(Font)              <8> on input line 150.
LaTeX Font Info:    External font `cmex10' loaded for size
(Font)              <6> on input line 150.
 [3 <./images/DataOutput.png>]
LaTeX Font Info:    Font shape `OT1/pcr/m/it' in size <10.95> not available
(Font)              Font shape `OT1/pcr/m/sl' tried instead on input line 164.
<images/NonPrimData.png, id=21, 770.88pt x 199.74625pt>
File: images/NonPrimData.png Graphic file (type png)
<use images/NonPrimData.png>
Package pdftex.def Info: images/NonPrimData.png  used on input line 183.
(pdftex.def)             Requested size: 407.66833pt x 105.63031pt.
 [4 <./images/NonPrimData.png>]
<images/ImplicitOut.png, id=28, 771.88374pt x 124.465pt>
File: images/ImplicitOut.png Graphic file (type png)
<use images/ImplicitOut.png>
Package pdftex.def Info: images/ImplicitOut.png  used on input line 222.
(pdftex.def)             Requested size: 407.66833pt x 65.73633pt.
 [5 <./images/ImplicitOut.png>]
<images/ExplicitOut.png, id=34, 771.88374pt x 124.465pt>
File: images/ExplicitOut.png Graphic file (type png)
<use images/ExplicitOut.png>
Package pdftex.def Info: images/ExplicitOut.png  used on input line 251.
(pdftex.def)             Requested size: 407.66833pt x 65.73633pt.
 [6 <./images/ExplicitOut.png>]
<images/output2.png, id=39, 778.91pt x 270.00874pt>
File: images/output2.png Graphic file (type png)
<use images/output2.png>
Package pdftex.def Info: images/output2.png  used on input line 286.
(pdftex.def)             Requested size: 407.66833pt x 141.31586pt.
 [7 <./images/output2.png>]
<images/output3.png, id=45, 777.90625pt x 309.155pt>
File: images/output3.png Graphic file (type png)
<use images/output3.png>
Package pdftex.def Info: images/output3.png  used on input line 321.
(pdftex.def)             Requested size: 407.66833pt x 162.02104pt.
 [8 <./images/output3.png>]
<images/ForOut.png, id=50, 758.835pt x 127.47626pt>
File: images/ForOut.png Graphic file (type png)
<use images/ForOut.png>
Package pdftex.def Info: images/ForOut.png  used on input line 353.
(pdftex.def)             Requested size: 407.66833pt x 68.48407pt.
 [9 <./images/ForOut.png>]
<images/WhileOut.png, id=55, 758.835pt x 127.47626pt>
File: images/WhileOut.png Graphic file (type png)
<use images/WhileOut.png>
Package pdftex.def Info: images/WhileOut.png  used on input line 384.
(pdftex.def)             Requested size: 407.66833pt x 68.48407pt.
<images/image.png, id=56, 758.835pt x 127.47626pt>
File: images/image.png Graphic file (type png)
<use images/image.png>
Package pdftex.def Info: images/image.png  used on input line 413.
(pdftex.def)             Requested size: 407.66833pt x 68.48407pt.
 [10 <./images/WhileOut.png>] [11 <./images/image.png>]
<images/output4.png, id=65, 752.8125pt x 123.46124pt>
File: images/output4.png Graphic file (type png)
<use images/output4.png>
Package pdftex.def Info: images/output4.png  used on input line 437.
(pdftex.def)             Requested size: 407.66833pt x 66.85834pt.
<images/output5.png, id=66, 757.83125pt x 85.31876pt>
File: images/output5.png Graphic file (type png)
<use images/output5.png>
Package pdftex.def Info: images/output5.png  used on input line 460.
(pdftex.def)             Requested size: 407.66833pt x 45.89697pt.
 [12 <./images/output4.png>]
<images/IfElseLad.png, id=71, 757.83125pt x 106.3975pt>
File: images/IfElseLad.png Graphic file (type png)
<use images/IfElseLad.png>
Package pdftex.def Info: images/IfElseLad.png  used on input line 491.
(pdftex.def)             Requested size: 407.66833pt x 57.23624pt.
 [13 <./images/output5.png> <./images/IfElseLad.png>]
<images/NestOut.png, id=78, 760.8425pt x 130.4875pt>
File: images/NestOut.png Graphic file (type png)
<use images/NestOut.png>
Package pdftex.def Info: images/NestOut.png  used on input line 531.
(pdftex.def)             Requested size: 407.66833pt x 69.91862pt.
 [14 <./images/NestOut.png>]
<images/SwitchOut.png, id=83, 761.84625pt x 104.39pt>
File: images/SwitchOut.png Graphic file (type png)
<use images/SwitchOut.png>
Package pdftex.def Info: images/SwitchOut.png  used on input line 579.
(pdftex.def)             Requested size: 407.66833pt x 55.85843pt.
 [15 <./images/SwitchOut.png>]
<images/RecExp.png, id=88, 466.74374pt x 75.28125pt>
File: images/RecExp.png Graphic file (type png)
<use images/RecExp.png>
Package pdftex.def Info: images/RecExp.png  used on input line 609.
(pdftex.def)             Requested size: 407.66833pt x 65.75604pt.
 [16 <./images/RecExp.png>]
<images/RecursionOut.png, id=93, 466.74374pt x 75.28125pt>
File: images/RecursionOut.png Graphic file (type png)
<use images/RecursionOut.png>
Package pdftex.def Info: images/RecursionOut.png  used on input line 632.
(pdftex.def)             Requested size: 407.66833pt x 65.75604pt.
 [17 <./images/RecursionOut.png>] [18]
<images/MOPOAA.png, id=101, 486.81876pt x 136.51pt>
File: images/MOPOAA.png Graphic file (type png)
<use images/MOPOAA.png>
Package pdftex.def Info: images/MOPOAA.png  used on input line 685.
(pdftex.def)             Requested size: 407.66833pt x 114.31558pt.
 [19 <./images/MOPOAA.png>] [20]
<images/COBPAA.png, id=110, 474.77374pt x 367.3725pt>
File: images/COBPAA.png Graphic file (type png)
<use images/COBPAA.png>
Package pdftex.def Info: images/COBPAA.png  used on input line 753.
(pdftex.def)             Requested size: 407.66833pt x 315.45769pt.
 [21 <./images/COBPAA.png>] [22]
Overfull \hbox (29.90755pt too wide) in paragraph at lines 798--799
\OT1/cmr/m/n/12 In this ex-am-ple, the static vari-able \OT1/pcr/m/n/12 count \OT1/cmr/m/n/12 is shared across all in-stances of the \OT1/pcr/m/n/12 StaticExample
 []

[23]
Overfull \hbox (13.50587pt too wide) in paragraph at lines 837--838
[][][][][][][][][][][][][][][][][][][][][][][][][][][][][][][][][][][][][][][][][][][][][][][][][][][][][][][][][][][][][] 
 []


Overfull \hbox (59.49625pt too wide) in paragraph at lines 869--870
[][][][][][][][][][][][][][][][][][][][][][][][][][][][][][][][][][][][][][][][][][][][][][][][][][][][][][][][][][][][][][][][][][][][] 
 []


Overfull \hbox (177.7572pt too wide) in paragraph at lines 870--872
[][][][][][][][][][][][][][][][][][][][][][][][][][][][][][][][][][][][][][][][][][][][][][][][][][][][][][][][][] 
 []

<images/9.png, id=121, 479.7925pt x 145.54375pt>
File: images/9.png Graphic file (type png)
<use images/9.png>
Package pdftex.def Info: images/9.png  used on input line 881.
(pdftex.def)             Requested size: 362.37569pt x 109.92593pt.
[24] [25 <./images/9.png>]
<images/CLA.png, id=130, 596.2275pt x 133.49875pt>
File: images/CLA.png Graphic file (type png)
<use images/CLA.png>
Package pdftex.def Info: images/CLA.png  used on input line 924.
(pdftex.def)             Requested size: 407.66833pt x 91.27904pt.
 [26] [27 <./images/CLA.png>]
<images/Programmer.png, id=138, 479.7925pt x 113.42375pt>
File: images/Programmer.png Graphic file (type png)
<use images/Programmer.png>
Package pdftex.def Info: images/Programmer.png  used on input line 962.
(pdftex.def)             Requested size: 407.66833pt x 96.37428pt.
 [28 <./images/Programmer.png>]
<images/puppy.png, id=143, 479.7925pt x 113.42375pt>
File: images/puppy.png Graphic file (type png)
<use images/puppy.png>
Package pdftex.def Info: images/puppy.png  used on input line 1003.
(pdftex.def)             Requested size: 407.66833pt x 96.37428pt.
 [29 <./images/puppy.png>]
<images/HInherit.png, id=148, 475.7775pt x 132.495pt>
File: images/HInherit.png Graphic file (type png)
<use images/HInherit.png>
Package pdftex.def Info: images/HInherit.png  used on input line 1048.
(pdftex.def)             Requested size: 407.66833pt x 113.53305pt.
 [30 <./images/HInherit.png>] [31]
<images/MetOvrr.png, id=157, 465.74pt x 117.43875pt>
File: images/MetOvrr.png Graphic file (type png)
<use images/MetOvrr.png>
Package pdftex.def Info: images/MetOvrr.png  used on input line 1102.
(pdftex.def)             Requested size: 407.66833pt x 102.79985pt.
<images/mETHODdIAGRAM.png, id=158, 1190.4475pt x 525.965pt>
File: images/mETHODdIAGRAM.png Graphic file (type png)
<use images/mETHODdIAGRAM.png>
Package pdftex.def Info: images/mETHODdIAGRAM.png  used on input line 1110.
(pdftex.def)             Requested size: 407.66833pt x 180.10982pt.
 [32 <./images/MetOvrr.png> <./images/mETHODdIAGRAM.png>]
LaTeX Font Info:    Trying to load font information for TS1+pcr on input line 1139.
 (/usr/share/texlive/texmf-dist/tex/latex/psnfss/ts1pcr.fd
File: ts1pcr.fd 2001/06/04 font definitions for TS1/pcr.
)
Overfull \hbox (52.9262pt too wide) in paragraph at lines 1139--1140
[][][][][][][][][][][][][][][][][][][][][][][][][][][][][][][][][][][][][][][][][][][][][][][][][][][][][][][][][][][][][][][][][][][] 
 []


Overfull \hbox (39.78609pt too wide) in paragraph at lines 1146--1147
[][][][][][][][][][][][][][][][][][][][][][][][][][][][][][][][][][][][][][][][][][][][][][][][][][][][][][][] 
 []


Overfull \hbox (6.93582pt too wide) in paragraph at lines 1153--1154
[][][][][][][][][][][][][][][][][][][][][][][][][][][][][][][][][][][][][][][][][][][][][][][][][] 
 []

[33]
<images/AbsOut.png, id=167, 474.77374pt x 161.60374pt>
File: images/AbsOut.png Graphic file (type png)
<use images/AbsOut.png>
Package pdftex.def Info: images/AbsOut.png  used on input line 1175.
(pdftex.def)             Requested size: 407.66833pt x 138.7669pt.
 [34 <./images/AbsOut.png>]
Overfull \hbox (52.9262pt too wide) in paragraph at lines 1210--1211
[][][][][][][][][][][][][][][][][][][][][][][][][][][][][][][][][][][][][][][][][][][][][][][][][] 
 []

<images/nest.png, id=172, 475.7775pt x 132.495pt>
File: images/nest.png Graphic file (type png)
<use images/nest.png>
Package pdftex.def Info: images/nest.png  used on input line 1226.
(pdftex.def)             Requested size: 407.66833pt x 113.53305pt.
[35] [36 <./images/nest.png>]
<images/Chain.png, id=180, 493.845pt x 105.39375pt>
File: images/Chain.png Graphic file (type png)
<use images/Chain.png>
Package pdftex.def Info: images/Chain.png  used on input line 1265.
(pdftex.def)             Requested size: 407.66833pt x 87.00237pt.
 [37 <./images/Chain.png>] [38]
Overfull \hbox (33.21603pt too wide) in paragraph at lines 1319--1320
[][][][][][][][][][][][][][][][][][][][][][][][][][][][][][][][][][][][][][][][][][][][][] 
 []


Overfull \hbox (256.59784pt too wide) in paragraph at lines 1320--1321
[][][][][][][][][][][][][][][][][][][][][][][][][][][][][][][][][][][][][][][][][][][][][][][][][][][][][][][][][][][][][][][][][][][][][][][][][][][][][][][][][][][][][][][][][][][][][][][][][][][][][] 
 []


Overfull \hbox (230.31763pt too wide) in paragraph at lines 1321--1322
[][][][][][][][][][][][][][][][][][][][][][][][][][][][][][][][][][][][][][][][][][][][][][][][][][][][][][][][][][][][][][][][][][][][][][][][][][][][][][][][][][][][][][][][][][][][][][][][][][][][][] 
 []


Overfull \hbox (230.31763pt too wide) in paragraph at lines 1322--1324
[][][][][][][][][][][][][][][][][][][][][][][][][][][][][][][][][][][][][][][][][][][][][][][][][][][][][][][][][][][][][][][][][][][][][][][][][][][][][][][][][][][][][][][][][][][][][][][][][][][][][] 
 []


Overfull \hbox (52.9262pt too wide) in paragraph at lines 1324--1325
[][][][][][][][][][][][][][][][][][][][][][][][][][][][][][][][][][][][][][][][][][][][][][][][][][][][][][][][][][][][][] 
 []

<images/29.png, id=189, 351.3125pt x 124.465pt>
File: images/29.png Graphic file (type png)
<use images/29.png>
Package pdftex.def Info: images/29.png  used on input line 1332.
(pdftex.def)             Requested size: 362.37569pt x 128.39409pt.
[39 <./images/29.png>]
Overfull \hbox (79.2064pt too wide) in paragraph at lines 1370--1371
[][][][][][][][][][][][][][][][][][][][][][][][][][][][][][][][][][][][][][][][][][][][][][][][][][][][][][][][][][][][][][] 
 []

<images/Interface.png, id=194, 385.44pt x 97.36375pt>
File: images/Interface.png Graphic file (type png)
<use images/Interface.png>
Package pdftex.def Info: images/Interface.png  used on input line 1382.
(pdftex.def)             Requested size: 407.66833pt x 102.97775pt.
[40] [41 <./images/Interface.png>]
Overfull \hbox (20.07593pt too wide) in paragraph at lines 1427--1428
[][][][][][][][][][][][][][][][][][][][][][][][][][][][][][][][][][][][][][][][][][][][][][][][][][][] 
 []

<images/NestedInter.png, id=202, 427.5975pt x 101.37875pt>
File: images/NestedInter.png Graphic file (type png)
<use images/NestedInter.png>
Package pdftex.def Info: images/NestedInter.png  used on input line 1437.
(pdftex.def)             Requested size: 407.66833pt x 96.65422pt.

Overfull \hbox (20.07593pt too wide) in paragraph at lines 1470--1471
[][][][][][][][][][][][][][][][][][][][][][][][][][][][][][][][][][][][][][][][][][][][][][][][][][][] 
 []

[42 <./images/NestedInter.png>]
<images/Inter.png, id=207, 475.7775pt x 114.4275pt>
File: images/Inter.png Graphic file (type png)
<use images/Inter.png>
Package pdftex.def Info: images/Inter.png  used on input line 1481.
(pdftex.def)             Requested size: 407.66833pt x 98.05128pt.
 [43 <./images/Inter.png>] [44]
Overfull \hbox (18.74866pt too wide) in paragraph at lines 1517--1518
\OT1/cmr/m/n/12 The fol-low-ing code demon-strates han-dling an \OT1/pcr/m/n/12 ArithmeticException \OT1/cmr/m/n/12 us-ing a \OT1/pcr/m/n/12 try-catch
 []


Overfull \hbox (26.64598pt too wide) in paragraph at lines 1528--1529
[][][][][][][][][][][][][][][][][][][][][][][][][][][][][][][][][][][][][][][][][][][][][][][][][][][][][] 
 []


Overfull \hbox (105.48662pt too wide) in paragraph at lines 1531--1532
[][][][][][][][][][][][][][][][][][][][][][][][][][][][][][][][][][][][][][][][][][][][][][][][][][][][][][][][][][][][][][][][][][][][][] 
 []


Overfull \hbox (59.49625pt too wide) in paragraph at lines 1535--1536
[][][][][][][][][][][][][][][][][][][][][][][][][][][][][][][][][][][][][][][][][][][][][][][][][][][][][][] 
 []

<images/30.png, id=216, 455.7025pt x 86.3225pt>
File: images/30.png Graphic file (type png)
<use images/30.png>
Package pdftex.def Info: images/30.png  used on input line 1543.
(pdftex.def)             Requested size: 362.37569pt x 68.6458pt.
[45 <./images/30.png>]
Overfull \hbox (1.2941pt too wide) in paragraph at lines 1558--1559
\OT1/cmr/m/n/12 throws an ex-cep-tion in re-sponse to com-mon er-rors (e.g., \OT1/pcr/m/n/12 NullPointerException
 []


Overfull \hbox (6.93582pt too wide) in paragraph at lines 1578--1579
[][][][][][][][][][][][][][][][][][][][][][][][][][][][][][][][][][][][][][][] 
 []


Overfull \hbox (59.49625pt too wide) in paragraph at lines 1581--1582
[][][][][][][][][][][][][][][][][][][][][][][][][][][][][][][][][][][][][][][][][][][][][][][][][][][][][][] 
 []

[46]
Overfull \hbox (6.93582pt too wide) in paragraph at lines 1587--1588
[][][][][][][][][][][][][][][][][][][][][][][][][][][][][][][][][][][][][][][][][][][][][][][][][][][][][][][][][][] 
 []

<images/31.png, id=224, 477.785pt x 113.42375pt>
File: images/31.png Graphic file (type png)
<use images/31.png>
Package pdftex.def Info: images/31.png  used on input line 1604.
(pdftex.def)             Requested size: 362.37569pt x 86.0264pt.
[47 <./images/31.png>]
<images/Thread.png, id=229, 516.93124pt x 471.7625pt>
File: images/Thread.png Graphic file (type png)
<use images/Thread.png>
Package pdftex.def Info: images/Thread.png  used on input line 1656.
(pdftex.def)             Requested size: 362.37569pt x 330.721pt.
 [48] [49 <./images/Thread.png>]
<images/Runnable.png, id=238, 525.965pt x 301.125pt>
File: images/Runnable.png Graphic file (type png)
<use images/Runnable.png>
Package pdftex.def Info: images/Runnable.png  used on input line 1704.
(pdftex.def)             Requested size: 362.37569pt x 207.4732pt.
 [50] [51 <./images/Runnable.png>]
Overfull \hbox (26.64598pt too wide) in paragraph at lines 1733--1734
[][][][][][][][][][][][][][][][][][][][][][][][][][][][][][][][][][][][][][][][][][][][][][][][][][][][][][][][][][][][][][][][][][][][][][][][][][][][][] 
 []

[52]
Overfull \hbox (0.36577pt too wide) in paragraph at lines 1762--1763
[][][][][][][][][][][][][][][][][][][][][][][][][][][][][][][][][][][][][][][][][][][][][][][][][][][][][][][][][][][][][][][][][][][][][][][][][][][][][] 
 []


Overfull \hbox (0.36577pt too wide) in paragraph at lines 1780--1781
[][][][][][][][][][][][][][][][][][][][][][][][][][][][][][][][][][][][][][][][][][][][][][][][][][][][][][][][][][][][][][][][][][][][][][][][][][][][][] 
 []


Overfull \hbox (0.36577pt too wide) in paragraph at lines 1792--1793
[][][][][][][][][][][][][][][][][][][][][][][][][][][][][][][][][][][][][][][][][][][][][][][][][][][][][][][][][][][][][][][][][][][][][][][][][][][][][] 
 []


Overfull \hbox (0.36577pt too wide) in paragraph at lines 1803--1804
[][][][][][][][][][][][][][][][][][][][][][][][][][][][][][][][][][][][][][][][][][][][][][][][][][][][][][][][][][][][][][][][][][][][][][][][][][][][][] 
 []

[53]
<images/Life.png, id=253, 582.175pt x 207.77625pt>
File: images/Life.png Graphic file (type png)
<use images/Life.png>
Package pdftex.def Info: images/Life.png  used on input line 1811.
(pdftex.def)             Requested size: 362.37569pt x 129.33353pt.
 [54 <./images/Life.png>]
<images/41.png, id=258, 377.41pt x 66.2475pt>
File: images/41.png Graphic file (type png)
<use images/41.png>
Package pdftex.def Info: images/41.png  used on input line 1840.
(pdftex.def)             Requested size: 362.37569pt x 63.60799pt.
 [55 <./images/41.png>]
<images/42.png, id=264, 385.44pt x 110.4125pt>
File: images/42.png Graphic file (type png)
<use images/42.png>
Package pdftex.def Info: images/42.png  used on input line 1861.
(pdftex.def)             Requested size: 362.37569pt x 103.8046pt.
<images/replace.png, id=265, 440.64626pt x 95.35625pt>
File: images/replace.png Graphic file (type png)
<use images/replace.png>
Package pdftex.def Info: images/replace.png  used on input line 1881.
(pdftex.def)             Requested size: 362.37569pt x 78.42105pt.
 [56 <./images/42.png> <./images/replace.png>]
<images/DElete.png, id=271, 440.64626pt x 95.35625pt>
File: images/DElete.png Graphic file (type png)
<use images/DElete.png>
Package pdftex.def Info: images/DElete.png  used on input line 1901.
(pdftex.def)             Requested size: 362.37569pt x 78.42105pt.
<images/reverse.png, id=272, 440.64626pt x 95.35625pt>
File: images/reverse.png Graphic file (type png)
<use images/reverse.png>
Package pdftex.def Info: images/reverse.png  used on input line 1921.
(pdftex.def)             Requested size: 362.37569pt x 78.42105pt.
 [57 <./images/DElete.png> <./images/reverse.png>] [58] [59]
<images/StringMethod.png, id=284, 463.7325pt x 467.7475pt>
File: images/StringMethod.png Graphic file (type png)
<use images/StringMethod.png>
Package pdftex.def Info: images/StringMethod.png  used on input line 2030.
(pdftex.def)             Requested size: 362.37569pt x 365.5196pt.
 [60 <./images/StringMethod.png>] (./main.aux)

LaTeX Warning: There were multiply-defined labels.

 ) 
Here is how much of TeX's memory you used:
 5008 strings out of 476041
 76874 string characters out of 5793163
 1908388 words of memory out of 6000000
 25384 multiletter control sequences out of 15000+600000
 520365 words of font info for 60 fonts, out of 8000000 for 9000
 1137 hyphenation exceptions out of 8191
 57i,6n,62p,757b,1650s stack positions out of 10000i,1000n,20000p,200000b,200000s
</usr/share/texlive/texmf-dist/fonts/type1/public/amsfonts/cm/cmbx12.pfb></usr/share/texlive/texmf-dist/fonts/type1/public/amsfonts/cm/cmr12.pfb></usr/share/texlive/texmf-dist/fonts/type1/public/amsfonts/cm/cmr6.pfb></usr/share/texlive/texmf-dist/fonts/type1/public/amsfonts/cm/cmr8.pfb></usr/share/texlive/texmf-dist/fonts/type1/public/amsfonts/cm/cmsy10.pfb></usr/share/texlive/texmf-dist/fonts/type1/public/cm-super/sfrm1200.pfb></usr/share/texlive/texmf-dist/fonts/type1/urw/courier/ucrb8a.pfb></usr/share/texlive/texmf-dist/fonts/type1/urw/courier/ucrr8a.pfb></usr/share/texlive/texmf-dist/fonts/type1/urw/courier/ucrro8a.pfb>
Output written on main.pdf (60 pages, 711936 bytes).
PDF statistics:
 332 PDF objects out of 1000 (max. 8388607)
 164 compressed objects within 2 object streams
 0 named destinations out of 1000 (max. 500000)
 216 words of extra memory for PDF output out of 10000 (max. 10000000)

